\BOOKMARK [1][-]{section.1}{\376\377\000T\000\363\000m\000\040\000t\036\257\000t\000\040\001\021\036\301\000\040\000b\000\340\000i}{}% 1
\BOOKMARK [1][-]{section.2}{\376\377\000S\000u\000b\000t\000a\000s\000k\000\040\0001\000\040\000\050\000n\000,\000\040\000m\000\040\0001\0000\0003\000\051}{}% 2
\BOOKMARK [2][-]{subsection.2.1}{\376\377\000P\000h\001\260\001\241\000n\000g\000\040\000p\000h\000\341\000p\000\040\000t\000h\000i\036\277\000t\000\040\000k\036\277\000\040\000t\000h\000u\036\255\000t\000\040\000t\000o\000\341\000n\000\040\000s\036\355\000\040\000d\036\345\000n\000g}{section.2}% 3
\BOOKMARK [2][-]{subsection.2.2}{\376\377\000T\036\241\000i\000\040\000s\000a\000o\000\040\000s\036\355\000\040\000d\036\345\000n\000g}{section.2}% 4
\BOOKMARK [2][-]{subsection.2.3}{\376\377\000S\036\355\000\040\000d\036\345\000n\000g\000\040\000n\000h\001\260\000\040\000t\000h\036\277\000\040\000n\000\340\000o\000\040\000t\000r\000o\000n\000g\000\040\000b\000\340\000i\000\040\000t\000o\000\341\000n}{section.2}% 5
\BOOKMARK [2][-]{subsection.2.4}{\376\377\000P\000h\000\342\000n\000\040\000t\000\355\000c\000h\000\040\001\021\036\331\000\040\000p\000h\036\351\000c\000\040\000t\036\241\000p}{section.2}% 6
\BOOKMARK [3][-]{subsubsection.2.4.1}{\376\377\001\020\036\331\000\040\000p\000h\036\351\000c\000\040\000t\036\241\000p\000\040\000t\000h\036\335\000i\000\040\000g\000i\000a\000n}{subsection.2.4}% 7
\BOOKMARK [3][-]{subsubsection.2.4.2}{\376\377\001\020\036\331\000\040\000p\000h\036\351\000c\000\040\000t\036\241\000p\000\040\000k\000h\000\364\000n\000g\000\040\000g\000i\000a\000n}{subsection.2.4}% 8
\BOOKMARK [1][-]{section.3}{\376\377\000S\000u\000b\000t\000a\000s\000k\000\040\0002\000\040\000\050\000W\000,\000\040\000H\000\040\0001\0000\0003\000\051}{}% 9
\BOOKMARK [2][-]{subsection.3.1}{\376\377\000P\000h\001\260\001\241\000n\000g\000\040\000p\000h\000\341\000p\000\040\000t\000h\000i\036\277\000t\000\040\000k\036\277\000\040\000t\000h\000u\036\255\000t\000\040\000t\000o\000\341\000n\000\040\000s\036\355\000\040\000d\036\345\000n\000g}{section.3}% 10
\BOOKMARK [2][-]{subsection.3.2}{\376\377\000T\036\241\000i\000\040\000s\000a\000o\000\040\000s\036\355\000\040\000d\036\345\000n\000g}{section.3}% 11
\BOOKMARK [2][-]{subsection.3.3}{\376\377\000S\036\355\000\040\000d\036\345\000n\000g\000\040\000n\000h\001\260\000\040\000t\000h\036\277\000\040\000n\000\340\000o\000\040\000t\000r\000o\000n\000g\000\040\000b\000\340\000i\000\040\000t\000o\000\341\000n}{section.3}% 12
\BOOKMARK [2][-]{subsection.3.4}{\376\377\000P\000h\000\342\000n\000\040\000t\000\355\000c\000h\000\040\001\021\036\331\000\040\000p\000h\036\351\000c\000\040\000t\036\241\000p}{section.3}% 13
\BOOKMARK [3][-]{subsubsection.3.4.1}{\376\377\001\020\036\331\000\040\000p\000h\036\351\000c\000\040\000t\036\241\000p\000\040\000t\000h\036\335\000i\000\040\000g\000i\000a\000n}{subsection.3.4}% 14
\BOOKMARK [3][-]{subsubsection.3.4.2}{\376\377\001\020\036\331\000\040\000p\000h\036\351\000c\000\040\000t\036\241\000p\000\040\000k\000h\000\364\000n\000g\000\040\000g\000i\000a\000n}{subsection.3.4}% 15
\BOOKMARK [1][-]{section.4}{\376\377\000S\000u\000b\000t\000a\000s\000k\000\040\0003\000\040\000\050\000K\000h\000\364\000n\000g\000\040\000r\000\340\000n\000g\000\040\000b\000u\036\331\000c\000\040\000b\036\325\000\040\000s\000u\000n\000g\000\051}{}% 16
\BOOKMARK [2][-]{subsection.4.1}{\376\377\000P\000h\001\260\001\241\000n\000g\000\040\000p\000h\000\341\000p\000\040\000t\000h\000i\036\277\000t\000\040\000k\036\277\000\040\000t\000h\000u\036\255\000t\000\040\000t\000o\000\341\000n\000\040\000s\036\355\000\040\000d\036\345\000n\000g}{section.4}% 17
\BOOKMARK [2][-]{subsection.4.2}{\376\377\000T\036\241\000i\000\040\000s\000a\000o\000\040\000s\036\355\000\040\000d\036\345\000n\000g}{section.4}% 18
\BOOKMARK [2][-]{subsection.4.3}{\376\377\000S\036\355\000\040\000d\036\345\000n\000g\000\040\000n\000h\001\260\000\040\000t\000h\036\277\000\040\000n\000\340\000o\000\040\000t\000r\000o\000n\000g\000\040\000b\000\340\000i\000\040\000t\000o\000\341\000n}{section.4}% 19
\BOOKMARK [2][-]{subsection.4.4}{\376\377\000P\000h\000\342\000n\000\040\000t\000\355\000c\000h\000\040\001\021\036\331\000\040\000p\000h\036\351\000c\000\040\000t\036\241\000p}{section.4}% 20
\BOOKMARK [3][-]{subsubsection.4.4.1}{\376\377\001\020\036\331\000\040\000p\000h\036\351\000c\000\040\000t\036\241\000p\000\040\000t\000h\036\335\000i\000\040\000g\000i\000a\000n}{subsection.4.4}% 21
\BOOKMARK [3][-]{subsubsection.4.4.2}{\376\377\001\020\036\331\000\040\000p\000h\036\351\000c\000\040\000t\036\241\000p\000\040\000k\000h\000\364\000n\000g\000\040\000g\000i\000a\000n}{subsection.4.4}% 22
